Time resolution is 1 ps
Test 1 (   ň   │   ş   ░): PASSED
Test 2 (   ň   │   ┤   ░): PASSED
Test 3 (   ň   │   ║   ║): PASSED
Test 4 (   ň   │   ş   ░): PASSED
Test 5 (   Š   Ŕ   ╗   ť): PASSED
Test 6 (   ň   │   ║   ║): PASSED
Test 7 (   š   Ć   ö  â-   ń   Ş   č): PASSED
Test 8 (   š   Ć   ö  â-   ń   Ş   ç): PASSED
Test 9 (   ť   Ž   Š   ż   ┤   ░   ń   ş   ░): PASSED
Test 10 (   š   Ć   ö  â-   ń   Ş   č): PASSED
Test 11 (   š   Ć   ö  â-   ń   Ş   ç): PASSED
Test 12 (   Ś   Ž   Š   ż   ┤   ░   ń   Ą   ░): PASSED
Test 13 (   Š   Ż   Ä): PASSED
Test 14 (   ń   ł   ×): PASSED
Test 15 (   Š   Ż   ľ): PASSED
Test 16 (   ń   ╝   ľ): PASSED
Test 17 (   Ú   ż   Ž  ╗-   Ú   ž   Ź): PASSED
Test 18 (   Ú   ż   Ž  ╗-   ń   ž   Ź): PASSED
Test 19 (   Ú   ż   Ž  ╗-   Ú   ž   Ź): PASSED
Test 20 (   Ú   ż   │  ╗-   Ú   ž   Ź): PASSED
Test 21 (   Ú   ż   │  ╗-   Ú   ž   Ź): PASSED
Test 22 (   Ś   ň   ž   ş   ░): PASSED
Test 23 (   Ś   ň   ž   ┤   ░): PASSED
Test 24 (   Ś   ň   ž   ┤   ░   Ú   ž   Ź): PASSED
Test 25 (   ń   Ő   Ż): PASSED
Test 26 (   ë   ň   ╣   Ľ   ú   ń   ş   ░): PASSED
Test 27 (   ë   ň   ╣   Ľ   č   ń   ┤   ░): PASSED
Test 28 (   ë   ň   ╣   Ľ   ú   ń   ┤   ░): PASSED
Test 29 (   Ś   Ž   ń   │   ş   ░): PASSED
Test 30 (   Ś   Ž   ń   │   Ą   ░): PASSED
Test 31 (   Š   Č   Ě   Š   Š   Ö   ú): PASSED
Test 32 (   Š   Č   Ě   Š   Ŕ   Ö   č): PASSED
Test 33 (   Š   Č   Ě   Š   Ŕ   Ö   ú): PASSED
Test 34 (   ë   ň   Ö   Ľ   Ą  ą0): PASSED
Test 35 (   š   Ć   Ą  Ľ-   ň   ┤   ░   ń ą-1): PASSED
Test 36 (   š   Ć   Ą  Ľ-   ň   â   Á): PASSED
Test 37 (   á   ň   Ö   Ľ   Ą  ą0): PASSED
Test 38 (   Š   Č   Ě   Š   Ŕ   Ľ   ć   ň   ş   ░): PASSED
ALUŠÁőŔ»Ľň«îŠłÉ´╝îňů▒ŠëžŔíî38ńŞ¬ŠÁőŔ»Ľ
$finish called at time : 271 ns : File "D:/FPGA/2025/alu4.0/week_1_4/tb.v" Line 380
